V5/app/build/outputs/logs/manifest-merger-debug-report.txt
-- Merging decision tree log ---
manifest
ADDED from src\main\AndroidManifest.xml:2:1-36:12
	package
		ADDED from src\main\AndroidManifest.xml:3:5-38
		INJECTED from src\main\AndroidManifest.xml
		INJECTED from src\main\AndroidManifest.xml
	android:versionName
		INJECTED from src\main\AndroidManifest.xml
		INJECTED from src\main\AndroidManifest.xml
	xmlns:android
		ADDED from src\main\AndroidManifest.xml:2:11-69
	android:versionCode
		INJECTED from src\main\AndroidManifest.xml
		INJECTED from src\main\AndroidManifest.xml
uses-permission#android.permission.BLUETOOTH_ADMIN
ADDED from src\main\AndroidManifest.xml:5:5-73
	android:name
		ADDED from src\main\AndroidManifest.xml:5:22-71
uses-permission#android.permission.BLUETOOTH
ADDED from src\main\AndroidManifest.xml:6:5-67
	android:name
		ADDED from src\main\AndroidManifest.xml:6:22-65
uses-permission#android.permission.ACCESS_COARSE_LOCATION
ADDED from src\main\AndroidManifest.xml:7:5-80
	android:name
		ADDED from src\main\AndroidManifest.xml:7:22-78
uses-permission#android.permission.ACCESS_FINE_LOCATION
ADDED from src\main\AndroidManifest.xml:8:5-79
	android:name
		ADDED from src\main\AndroidManifest.xml:8:22-76
application
ADDED from src\main\AndroidManifest.xml:10:5-34:19
MERGED from [com.android.support:appcompat-v7:25.1.0] AndroidManifest.xml:25:5-20
MERGED from [com.android.support:animated-vector-drawable:25.1.0] AndroidManifest.xml:22:5-20
MERGED from [com.android.support:support-vector-drawable:25.1.0] AndroidManifest.xml:23:5-20
MERGED from [com.google.android.gms:play-services-appindexing:8.4.0] AndroidManifest.xml:19:5-20
MERGED from [com.google.android.gms:play-services-basement:8.4.0] AndroidManifest.xml:20:5-24:19
MERGED from [com.android.support:support-v4:25.1.0] AndroidManifest.xml:25:5-20
MERGED from [com.android.support:support-fragment:25.1.0] AndroidManifest.xml:25:5-20
MERGED from [com.android.support:support-media-compat:25.1.0] AndroidManifest.xml:25:5-20
MERGED from [com.android.support:support-core-ui:25.1.0] AndroidManifest.xml:25:5-20
MERGED from [com.android.support:support-core-utils:25.1.0] AndroidManifest.xml:25:5-20
MERGED from [com.android.support:support-compat:25.1.0] AndroidManifest.xml:25:5-20
	android:label
		ADDED from src\main\AndroidManifest.xml:13:9-36
	android:supportsRtl
		ADDED from src\main\AndroidManifest.xml:14:9-35
	android:allowBackup
		ADDED from src\main\AndroidManifest.xml:11:9-35
	android:icon
		ADDED from src\main\AndroidManifest.xml:12:9-43
	android:theme
		ADDED from src\main\AndroidManifest.xml:15:9-40
activity#com.example.battleships.menu
ADDED from src\main\AndroidManifest.xml:16:9-24:20
	android:screenOrientation
		ADDED from src\main\AndroidManifest.xml:18:19-55
	android:launchMode
		ADDED from src\main\AndroidManifest.xml:17:19-54
	android:name
		ADDED from src\main\AndroidManifest.xml:16:19-39
intent-filter#android.intent.action.MAIN+android.intent.category.LAUNCHER
ADDED from src\main\AndroidManifest.xml:19:13-23:29
action#android.intent.action.MAIN
ADDED from src\main\AndroidManifest.xml:20:17-69
	android:name
		ADDED from src\main\AndroidManifest.xml:20:25-66
category#android.intent.category.LAUNCHER
ADDED from src\main\AndroidManifest.xml:22:17-77
	android:name
		ADDED from src\main\AndroidManifest.xml:22:27-74
activity#com.example.battleships.deployMenu
ADDED from src\main\AndroidManifest.xml:25:9-84
	android:screenOrientation
		ADDED from src\main\AndroidManifest.xml:25:46-82
	android:name
		ADDED from src\main\AndroidManifest.xml:25:19-45
activity#com.example.battleships.playerTurn
ADDED from src\main\AndroidManifest.xml:26:9-120
	android:screenOrientation
		ADDED from src\main\AndroidManifest.xml:26:82-118
	android:launchMode
		ADDED from src\main\AndroidManifest.xml:26:46-81
	android:name
		ADDED from src\main\AndroidManifest.xml:26:19-45
activity#com.example.battleships.aiTurn
ADDED from src\main\AndroidManifest.xml:27:9-116
	android:screenOrientation
		ADDED from src\main\AndroidManifest.xml:27:78-114
	android:launchMode
		ADDED from src\main\AndroidManifest.xml:27:42-77
	android:name
		ADDED from src\main\AndroidManifest.xml:27:19-41
activity#com.example.battleships.winScreen
ADDED from src\main\AndroidManifest.xml:28:9-83
	android:screenOrientation
		ADDED from src\main\AndroidManifest.xml:28:45-81
	android:name
		ADDED from src\main\AndroidManifest.xml:28:19-44
activity#com.example.battleships.loseScreen
ADDED from src\main\AndroidManifest.xml:29:9-84
	android:screenOrientation
		ADDED from src\main\AndroidManifest.xml:29:46-82
	android:name
		ADDED from src\main\AndroidManifest.xml:29:19-45
activity#com.example.battleships.pvpMenu
ADDED from src\main\AndroidManifest.xml:30:9-81
	android:screenOrientation
		ADDED from src\main\AndroidManifest.xml:30:43-79
	android:name
		ADDED from src\main\AndroidManifest.xml:30:19-42
activity#com.example.battleships.leaderBoard
ADDED from src\main\AndroidManifest.xml:31:9-85
	android:screenOrientation
		ADDED from src\main\AndroidManifest.xml:31:47-83
	android:name
		ADDED from src\main\AndroidManifest.xml:31:19-46
activity#com.example.battleships.PVP
ADDED from src\main\AndroidManifest.xml:32:9-113
	android:screenOrientation
		ADDED from src\main\AndroidManifest.xml:32:75-111
	android:launchMode
		ADDED from src\main\AndroidManifest.xml:32:39-74
	android:name
		ADDED from src\main\AndroidManifest.xml:32:19-38
activity#com.example.battleships.ViewBoats
ADDED from src\main\AndroidManifest.xml:33:9-120
	android:screenOrientation
		ADDED from src\main\AndroidManifest.xml:33:81-117
	android:launchMode
		ADDED from src\main\AndroidManifest.xml:33:45-80
	android:name
		ADDED from src\main\AndroidManifest.xml:33:19-44
uses-sdk
INJECTED from src\main\AndroidManifest.xml reason: use-sdk injection requested
MERGED from [com.android.support:appcompat-v7:25.1.0] AndroidManifest.xml:21:5-23:78
MERGED from [com.android.support:animated-vector-drawable:25.1.0] AndroidManifest.xml:20:5-44
MERGED from [com.android.support:support-vector-drawable:25.1.0] AndroidManifest.xml:21:5-43
MERGED from [com.google.android.gms:play-services-appindexing:8.4.0] AndroidManifest.xml:18:5-42
MERGED from [com.google.android.gms:play-services-base:8.4.0] AndroidManifest.xml:18:5-42
MERGED from [com.google.android.gms:play-services-basement:8.4.0] AndroidManifest.xml:18:5-42
MERGED from [com.android.support:support-v4:25.1.0] AndroidManifest.xml:21:5-23:54
MERGED from [com.android.support:support-fragment:25.1.0] AndroidManifest.xml:21:5-23:60
MERGED from [com.android.support:support-media-compat:25.1.0] AndroidManifest.xml:21:5-23:63
MERGED from [com.android.support:support-core-ui:25.1.0] AndroidManifest.xml:21:5-23:58
MERGED from [com.android.support:support-core-utils:25.1.0] AndroidManifest.xml:21:5-23:61
MERGED from [com.android.support:support-compat:25.1.0] AndroidManifest.xml:21:5-23:58
	tools:overrideLibrary
		ADDED from [com.android.support:appcompat-v7:25.1.0] AndroidManifest.xml:23:9-75
	android:targetSdkVersion
		INJECTED from src\main\AndroidManifest.xml
		INJECTED from src\main\AndroidManifest.xml
	android:minSdkVersion
		INJECTED from src\main\AndroidManifest.xml
		INJECTED from src\main\AndroidManifest.xml
meta-data#com.google.android.gms.version
ADDED from [com.google.android.gms:play-services-basement:8.4.0] AndroidManifest.xml:21:9-23:69
	android:value
		ADDED from [com.google.android.gms:play-services-basement:8.4.0] AndroidManifest.xml:23:13-66
	android:name
		ADDED from [com.google.android.gms:play-services-basement:8.4.0] AndroidManifest.xml:22:13-58